[prium.github.io/freya/v2.1.0/index.html]
[backblue.gif]
[fade.gif]
[index.html]
[prium.github.io/freya/v2.1.0/assets/img/favicons/apple-touch-icon.png]
[prium.github.io/freya/v2.1.0/assets/img/favicons/favicon-32x32.png]
[prium.github.io/freya/v2.1.0/assets/img/favicons/favicon-16x16.png]
[prium.github.io/freya/v2.1.0/assets/img/favicons/favicon.ico]
[prium.github.io/freya/v2.1.0/assets/img/favicons/manifest.json]
[prium.github.io/freya/v2.1.0/assets/img/favicons/mstile-150x150.png]
[prium.github.io/freya/v2.1.0/vendors/swiper/swiper-bundle.min.css]
[prium.github.io/freya/v2.1.0/vendors/hamburgers/hamburgers.min.css]
[prium.github.io/freya/v2.1.0/vendors/loaders.css/loaders.min.css]
[prium.github.io/freya/v2.1.0/assets/css/theme.min.css]
[prium.github.io/freya/v2.1.0/index-2.html]
[prium.github.io/freya/v2.1.0/homes/header-slider-classic.html]
[prium.github.io/freya/v2.1.0/homes/header-static.html]
[prium.github.io/freya/v2.1.0/homes/header-static-classic.html]
[prium.github.io/freya/v2.1.0/homes/header-youtube-video.html]
[prium.github.io/freya/v2.1.0/homes/header-youtube-video-classic.html]
[prium.github.io/freya/v2.1.0/homes/header-selfhosted-video.html]
[prium.github.io/freya/v2.1.0/homes/header-selfhosted-video-classic.html]
[prium.github.io/freya/v2.1.0/pages/about.html]
[prium.github.io/freya/v2.1.0/pages/recognition.html]
[prium.github.io/freya/v2.1.0/pages/blank.html]
[prium.github.io/freya/v2.1.0/pages/404.html]
[prium.github.io/freya/v2.1.0/pages/login.html]
[prium.github.io/freya/v2.1.0/pages/registration.html]
[prium.github.io/freya/v2.1.0/projects/projects.html]
[prium.github.io/freya/v2.1.0/projects/project.html]
[prium.github.io/freya/v2.1.0/blog/blog-list.html]
[prium.github.io/freya/v2.1.0/blog/blog.html]
[prium.github.io/freya/v2.1.0/contact/contact1.html]
[prium.github.io/freya/v2.1.0/contact/contact2.html]
[prium.github.io/freya/v2.1.0/elements/buttons.html]
[prium.github.io/freya/v2.1.0/elements/colors.html]
[prium.github.io/freya/v2.1.0/elements/googlemap.html]
[prium.github.io/freya/v2.1.0/elements/grid.html]
[prium.github.io/freya/v2.1.0/elements/icons.html]
[prium.github.io/freya/v2.1.0/elements/layouthelpers.html]
[prium.github.io/freya/v2.1.0/elements/modal-video.html]
[prium.github.io/freya/v2.1.0/elements/swiper.html]
[prium.github.io/freya/v2.1.0/elements/typography.html]
[prium.github.io/freya/v2.1.0/assets/img/header_1.jpg]
[prium.github.io/freya/v2.1.0/assets/img/header_2.jpg]
[prium.github.io/freya/v2.1.0/assets/img/header_3.jpg]
[prium.github.io/freya/v2.1.0/assets/img/img_1.jpg]
[prium.github.io/freya/v2.1.0/assets/img/img_2.jpg]
[prium.github.io/freya/v2.1.0/assets/img/img_3.jpg]
[prium.github.io/freya/v2.1.0/assets/img/banner_1.jpg]
[prium.github.io/freya/v2.1.0/assets/img/img_4.jpg]
[prium.github.io/freya/v2.1.0/assets/img/img_5.jpg]
[prium.github.io/freya/v2.1.0/assets/img/img_6.jpg]
[prium.github.io/freya/v2.1.0/assets/img/banner_2.jpg]
[prium.github.io/freya/v2.1.0/assets/img/img_7.jpg]
[prium.github.io/freya/v2.1.0/assets/img/img_8.jpg]
[prium.github.io/freya/v2.1.0/assets/img/img_9.jpg]
[prium.github.io/freya/v2.1.0/assets/img/banner_3.jpg]
[prium.github.io/freya/v2.1.0/assets/img/img_10.jpg]
[prium.github.io/freya/v2.1.0/assets/img/img_11.jpg]
[prium.github.io/freya/v2.1.0/assets/img/img_13.jpg]
[prium.github.io/freya/v2.1.0/assets/img/img_12.jpg]
[prium.github.io/freya/v2.1.0/assets/img/banner_4.jpg]
[prium.github.io/freya/v2.1.0/assets/img/img_14.jpg]
[prium.github.io/freya/v2.1.0/assets/img/img_16.jpg]
[prium.github.io/freya/v2.1.0/assets/img/img_17.jpg]
[prium.github.io/freya/v2.1.0/assets/img/img_15.jpg]
[prium.github.io/freya/v2.1.0/vendors/popper/popper.min.js]
[prium.github.io/freya/v2.1.0/vendors/bootstrap/bootstrap.min.js]
[prium.github.io/freya/v2.1.0/vendors/is/is.min.js]
[prium.github.io/freya/v2.1.0/vendors/bigpicture/BigPicture.js]
[prium.github.io/freya/v2.1.0/vendors/swiper/swiper-bundle.min.js]
[prium.github.io/freya/v2.1.0/vendors/fontawesome/all.min.js]
[prium.github.io/freya/v2.1.0/vendors/rellax/rellax.min.js]
[prium.github.io/freya/v2.1.0/vendors/lodash/lodash.min.js]
[prium.github.io/freya/v2.1.0/vendors/imagesloaded/imagesloaded.pkgd.min.js]
[prium.github.io/freya/v2.1.0/vendors/gsap/gsap.js]
[prium.github.io/freya/v2.1.0/vendors/gsap/customEase.js]
[prium.github.io/freya/v2.1.0/index.html]
[prium.github.io/freya/v2.1.0/assets/img/favicons/manifest.html]
[prium.github.io/freya/v2.1.0/assets/img/favicons/mstile-150x150.html]
[prium.github.io/freya/v2.1.0/vendors/swiper/swiper-bundle.min.css]
[prium.github.io/freya/v2.1.0/vendors/hamburgers/hamburgers.min.css]
[prium.github.io/freya/v2.1.0/vendors/loaders.css/loaders.min.css]
[prium.github.io/freya/v2.1.0/assets/js/theme.js]
[prium.github.io/freya/v2.1.0/assets/css/theme.min.css]
[prium.github.io/freya/v2.1.0/assets/css/user.min.css]
[prium.github.io/freya/v2.1.0/index-2.html]
[prium.github.io/freya/v2.1.0/homes/header-slider-classic.html]
[prium.github.io/freya/v2.1.0/homes/header-static.html]
[prium.github.io/freya/v2.1.0/homes/header-static-classic.html]
[img.youtube.com/vi/ajKlIAVuBJc/maxresdefault.jpg]
[prium.github.io/freya/v2.1.0/homes/header-youtube-video.html]
[prium.github.io/freya/v2.1.0/homes/header-youtube-video-classic.html]
[prium.github.io/freya/v2.1.0/assets/img/video.jpg]
[prium.github.io/freya/v2.1.0/assets/videos/video.mp4]
[prium.github.io/freya/v2.1.0/assets/videos/video.webm]
[prium.github.io/freya/v2.1.0/homes/header-selfhosted-video.html]
[prium.github.io/freya/v2.1.0/homes/header-selfhosted-video-classic.html]
[prium.github.io/freya/v2.1.0/vendors/prism/prism.css]
[prium.github.io/freya/v2.1.0/assets/img/about_header.jpg]
[prium.github.io/freya/v2.1.0/assets/img/about_team.jpg]
[prium.github.io/freya/v2.1.0/assets/img/portrait-1.jpg]
[prium.github.io/freya/v2.1.0/assets/img/portrait-2.jpg]
[prium.github.io/freya/v2.1.0/assets/img/portrait-3.jpg]
[prium.github.io/freya/v2.1.0/assets/img/about_careers.jpg]
[prium.github.io/freya/v2.1.0/pages/about.html]
[prium.github.io/freya/v2.1.0/vendors/prism/prism.js]
[prium.github.io/freya/v2.1.0/assets/img/recognition_header.jpg]
[prium.github.io/freya/v2.1.0/assets/img/logo/ad.png]
[prium.github.io/freya/v2.1.0/assets/img/logo/american_express.gif]
[prium.github.io/freya/v2.1.0/assets/img/logo/departures.png]
[prium.github.io/freya/v2.1.0/assets/img/logo/goldlist.jpg]
[prium.github.io/freya/v2.1.0/assets/img/logo/interiordesign.png]
[prium.github.io/freya/v2.1.0/assets/img/logo/luxe.jpg]
[prium.github.io/freya/v2.1.0/assets/img/logo/robb_report.jpg]
[prium.github.io/freya/v2.1.0/assets/img/logo/wsj.jpg]
[prium.github.io/freya/v2.1.0/pages/recognition.html]
[prium.github.io/freya/v2.1.0/pages/blank.html]
[prium.github.io/freya/v2.1.0/assets/img/404.jpg]
[prium.github.io/freya/v2.1.0/pages/404.html]
[prium.github.io/freya/v2.1.0/assets/img/login.jpg]
[prium.github.io/freya/v2.1.0/pages/login.html]
[prium.github.io/freya/v2.1.0/pages/registration.html]
[prium.github.io/freya/v2.1.0/assets/img/projects_header.jpg]
[prium.github.io/freya/v2.1.0/assets/img/contacts_header.jpg]
[prium.github.io/freya/v2.1.0/projects/projects.html]
[prium.github.io/freya/v2.1.0/projects/project.html]
[prium.github.io/freya/v2.1.0/assets/img/blog_header.jpg]
[prium.github.io/freya/v2.1.0/assets/img/blog_01.jpg]
[prium.github.io/freya/v2.1.0/assets/img/blog_02.jpg]
[prium.github.io/freya/v2.1.0/assets/img/blog_03.jpg]
[prium.github.io/freya/v2.1.0/assets/img/blog_04.jpg]
[prium.github.io/freya/v2.1.0/assets/img/blog_05.jpg]
[prium.github.io/freya/v2.1.0/blog/blog-list.html]
[prium.github.io/freya/v2.1.0/assets/img/portrait-8.jpg]
[prium.github.io/freya/v2.1.0/assets/img/square-1.jpg]
[prium.github.io/freya/v2.1.0/assets/img/square-2.jpg]
[prium.github.io/freya/v2.1.0/blog/blog.html]
[prium.github.io/freya/v2.1.0/contact/contact1.html]
[prium.github.io/freya/v2.1.0/contact/contact2.html]
[prium.github.io/freya/v2.1.0/assets/img/elements_header.jpg]
[prium.github.io/freya/v2.1.0/assets/img/icon-play.svg]
[prium.github.io/freya/v2.1.0/assets/img/icon-play-o.svg]
[prium.github.io/freya/v2.1.0/elements/buttons.html]
[prium.github.io/freya/v2.1.0/elements/colors.html]
[prium.github.io/freya/v2.1.0/elements/googlemap.html]
[prium.github.io/freya/v2.1.0/elements/grid.html]
[prium.github.io/freya/v2.1.0/elements/icons.html]
[prium.github.io/freya/v2.1.0/elements/layouthelpers.html]
[prium.github.io/freya/v2.1.0/elements/modal-video.html]
[prium.github.io/freya/v2.1.0/elements/swiper.html]
[prium.github.io/freya/v2.1.0/elements/typography.html]
[prium.github.io/freya/v2.1.0/vendors/prism/prism.css]
[prium.github.io/freya/v2.1.0/assets/img/icon-play.svg]
[prium.github.io/freya/v2.1.0/assets/img/icon-play-o.svg]
